AAIN
AATC
ACAB
ACAH
ACAX
ACBA
ACRO
ACSI
ADEX
ADOC
ADXS
AEAE
AFAR
AGAC
AGIH
AGRH
AHOY
AIB
AIDB
ALCY
ALJJ
ALOR
ALSA
AMAO
AMNA
AMND
AMTR
AMUB
ANEW
ANZU
AOTG
APMI
APRZ
APTM
APTX
APXI
ARCM
ARDS
ARRW
ARTE
ASAP
ASPU
ASPY
ASRV
ATAQ
ATEK
ATIF
ATMV
AUDA
AUGZ
AVDS
AVHI
AVNV
AWEG
AXAC
AXAS
AZTD
AZTR
BAD
BBEM
BBIB
BBIG
BBIP
BBLB
BBSA
BBSB
BCAL
BCSA
BDGS
BDRL
BDVG
BECO
BEMB
BFAC
BH.A
BHAC
BITC
BITE
BKES
BKGI
BKIV
BKUS
BKWO
BLCM
BLHY
BLKC
BLLD
BMED
BNGE
BPAY
BRAC
BRD
BRKH
BRLN
BRNY
BSR
BTHM
BTR
BWAQ
BWEB
BYRE
BYTE
CALA
CAMX
CARD
CARU
CBRG
CCTS
CCZ
CDAQ
CDX
CEFD
CETU
CFBK
CFCV
CFIV
CHAA
CHB
CHEA
CHIC
CHIM
CHIU
CHPS
CHRA
CHRG
CID
CITE
CLIA
CLNR
CLRC
CLRG
CLST
CMCA
CNDB
CPII
CPTK
CSA
CSLM
CSML
CSTA
CUBB
CVIE
CVSE
CXDC
DBGR
DBJA
DBOC
DECA
DECZ
DEFI
DEMZ
DHAC
DIEM
DISA
DIVD
DJCB
DKRB
DMCY
DMDV
DMYY
DSAQ
DSHK
DSJA
DSOC
DTRE
DWAT
DWAW
DWCR
DWUS
DYLG
EAC
EAOK
EAOM
EAOR
EASG
ECCW
EDOG
EDTX
EDUT
EEMO
EFHT
EFRA
EGGF
EGUS
ELQD
EMDM
EMDV
EMFQ
EMGD
EMIF
EMLD
EMMF
ENJ
EQUL
ERSX
ESAC
ESCR
ESEB
ESGN
ESGY
ESHA
ESHY
ESIX
ESUS
ETEC
ETHE
EUDV
EVE
EVFM
EVGR
EVKG
EVNT
EVUS
EVX
EWEB
FAIL
FBGX
FBZ
FCSH
FCUS
FEBZ
FEDL
FEDM
FEEM
FEIM
FEUS
FEXD
FFTG
FGM
FHLT
FHYS
FIAC
FIBR
FICV
FISK
FIVR
FLDZ
FLEU
FLFV
FLMB
FLOW
FLSA
FLUD
FMCX
FPXE
FRCB
FRLA
FRTY
FRXB
FSEC
FTDS
FTIF
FXCO
FYLG
GABF
GAMC
GAMI
GAST
GATE
GBBK
GBTC
GCAD
GDEF
GDMA
GDMN
GDNR
GDOC
GEHI
GENN
GFGF
GGRW
GHTA
GIA
GJR
GJS
GLDX
GLLI
GLSH
GMFI
GMUN
GPAL
GPOW
GREI
GRNR
GRZZ
GSEE
GSID
GTAC
GUSA
GVIP
GXUS
GYRO
HAPS
HAPY
HART
HCMA
HDAW
HEAT
HELX
HEWG
HEWU
HFBL
HGEN
HIDV
HIYS
HLGE
HNRA
HOTL
HSMV
HSPO
HSUN
HUDA
HWEL
HYGI
HYRM
HYTR
IBET
IBOT
ICCH
IDWM
IFED
IFMK
IGTA
IMHC
IMPM
IMSI
INC
INDF
INFR
INTE
INTG
IOAC
IPB
IQHI
IQRA
IQSM
IRAA
IRBA
IRNT
IROQ
IRVH
ISHP
ISRL
ITAQ
ITIC
IVCB
IVCP
IVRA
IVRS
IWDL
IWFG
IWFL
IWIN
IWLG
IWML
IXSE
JANZ
JAQC
JBK
JCTR
JETU
JHCB
JHDV
JHID
JHMB
JIB
JPSV
JRNY
JULZ
JUSA
JWSM
KACL
KBND
KBUY
KCAL
KDRN
KEJI
KESG
KFFB
KLDO
KLDW
KMET
KNSW
KOKU
KONG
KSPN
KVSA
LABP
LALT
LCA
LCLG
LFAC
LFEQ
LGST
LGVC
LHC
LIBY
LMPX
LOWV
LQIG
LRND
LSGR
LTCH
LTL
LVOL
MACA
MAQC
MART
MARX
MARZ
MAYS
MAYZ
MBBB
MBNE
MBOX
MBTC
MCAF
MDCP
MDJH
MDLM
MEDI
MEDX
MEMX
MFLX
MHLA
MIDE
MIG
MINC
MKAM
MMCA
MMSB
MMSC
MNBD
MOLN
MOOD
MORE
MOTE
MOTG
MPRA
MRAD
MRGR
MRND
MSTQ
MTCR
MTGP
MTRY
MTUL
MURF
NBCC
NBCT
NCAC
NEN
NESR
NETC
NFYS
NHIQ
NOCT
NOVV
NPAB
NRAC
NSCS
NSTB
NSTD
NTIP
NTKI
NTRL
NTZG
NVAC
NVIR
NVQ
NWLG
NYAX
NZRO
NZUS
OAIE
OAKU
OBND
OCEN
OCIO
OCTZ
ODDS
ODTC
OFED
OGCP
OLIT
ONCR
OND
ONEO
ONEV
ONOF
OPPX
OTEC
OTIC
OVBC
PACI
PBAX
PBBK
PBL
PCCT
PEMX
PEZ
PFTA
PHAR
PIT
PJFV
PKBO
PLRG
PLTL
PNBK
PORT
PPHP
PRET
PRTC
PSCD
PSCF
PSCJ
PSCQ
PSCW
PSCX
PSDM
PSFD
PSFO
PSMD
PSMJ
PSMO
PSMR
PSWD
PTEC
PTWO
PUCK
PUTD
PUYI
PWC
PWUP
PXUS
QCLR
QDRO
QIWI
QLVD
QLVE
QOMO
QSWN
QTR
QULL
QVML
QVMM
QVMS
QWST
RACY
RBCN
RBCP
REED
RENO
RENW
RESE
RFEM
RFEU
RGC
RHCB
RITA
RMGC
RNWZ
ROCI
ROCL
ROKT
ROSC
RTAI
RUBY
RUFF
RVIC
RVRB
RWOD
RXD
SACC
SAGA
SBNY
SCDL
SCPS
SCRD
SDCI
SELV
SESG
SHAP
SHLT
SHPP
SHRG
SHUS
SICP
SIMS
SIO
SIOX
SKYA
SLAC
SMAP
SMDY
SMIT
SMLE
SNDA
SNPD
SNPG
SNPV
SOLR
SPAQ
SPAX
SPLP
SPMV
SPXB
SPXE
SPXN
SPXT
SQLV
SQZB
SRAX
SRHQ
SROI
SSFI
SSLY
SSPX
SSPY
STAB
STGF
STLG
STLV
STNC
SUAC
SUPL
SUPP
SURE
SURI
SVA
SVT
SWSS
SXQG
SXUS
SYII
SYNB
SYUS
SZK
TBCP
TBMC
TCOA
TDSA
TDVI
TEMP
TENK
TFSA
TGAA
TGN
TGVC
TINT
TLGY
TMDV
TMTC
TOK
TPMN
TPTA
TRCA
TRPL
TRTL
TSJA
TSLH
TSOC
TUSI
TWLV
TYLG
UCRD
UDI
UEVM
UIVM
ULTR
UMAR
UNAM
UNIY
UNTY
UPGR
UPV
UPW
UPWD
USBF
USCL
USCT
USE
USFI
USML
USNZ
USVN
USVT
UTWY
VABS
VALU
VAMO
VAQC
VCLN
VDNI
VEL
VEMY
VETZ
VII
VIRS
VIVE
VMOT
VNMC
VOCL
VSMV
VYNT
WCEO
WFIG
WGRO
WINC
WINV
WIZ
WLDR
WLYB
WRAC
WTMA
WUCT
WWAC
XB
XBB
XCLR
XCOR
XDAT
XEMD
XFIN
XHYC
XHYD
XHYF
XHYI
XHYT
XNAV
XPDB
XSVN
XTR
YNDX
YOTA
YSEP
YUMY
ZING
ZSB
ZSC
ZSPY
ZVOI
